<?xml version="1.0" encoding="UTF-8"?>
<!-- Generated by org.testng.reporters.JUnitReportReporter -->
<testsuite hostname="LENOVO" failures="0" tests="3" name="test.RegTest" time="40.252" errors="0" timestamp="14 Oct 2020 06:01:28 GMT" skipped="0">
  <testcase classname="test.RegTest" name="register1" time="9.553"/>
  <testcase classname="test.RegTest" name="sign" time="17.229"/>
  <testcase classname="test.RegTest" name="flight" time="13.470"/>
</testsuite> <!-- test.RegTest -->
