<?xml version="1.0" encoding="UTF-8"?>
<!-- Generated by org.testng.reporters.JUnitReportReporter -->
<testsuite hostname="LENOVO" failures="0" tests="1" name="test.FlightTest" time="16.331" errors="0" timestamp="03 Nov 2020 06:04:33 GMT" skipped="0">
  <testcase classname="test.FlightTest" name="flight" time="16.331"/>
</testsuite> <!-- test.FlightTest -->
