<?xml version="1.0" encoding="UTF-8"?>
<!-- Generated by org.testng.reporters.JUnitReportReporter -->
<testsuite hostname="LENOVO" failures="0" tests="1" name="test.SignTest" time="9.072" errors="0" timestamp="08 Oct 2020 06:12:14 GMT" skipped="0">
  <testcase classname="test.SignTest" name="sign" time="9.072"/>
</testsuite> <!-- test.SignTest -->
