<?xml version="1.0" encoding="UTF-8"?>
<!-- Generated by org.testng.reporters.JUnitReportReporter -->
<testsuite hostname="LENOVO" failures="0" tests="1" name="test.MobileTest" time="5.819" errors="0" timestamp="12 Nov 2020 09:35:16 GMT" skipped="0">
  <testcase classname="test.MobileTest" name="mobile" time="5.819"/>
</testsuite> <!-- test.MobileTest -->
