<?xml version="1.0" encoding="UTF-8"?>
<!-- Generated by org.testng.reporters.JUnitReportReporter -->
<testsuite hostname="LENOVO" failures="0" tests="1" name="Project_6.Test_Case" time="5.946" errors="0" timestamp="10 Nov 2020 06:44:14 GMT" skipped="0">
  <testcase classname="Project_6.Test_Case" name="sortBy" time="5.946"/>
</testsuite> <!-- Project_6.Test_Case -->
