<?xml version="1.0" encoding="UTF-8"?>
<!-- Generated by org.testng.reporters.JUnitReportReporter -->
<testsuite hostname="LENOVO" failures="0" tests="2" name="test.AddTest" time="18.852" errors="0" timestamp="30 Sep 2020 06:59:18 GMT" skipped="0">
  <testcase classname="test.AddTest" name="login" time="7.585"/>
  <testcase classname="test.AddTest" name="Add" time="11.267"/>
</testsuite> <!-- test.AddTest -->
