<?xml version="1.0" encoding="UTF-8"?>
<!-- Generated by org.testng.reporters.JUnitReportReporter -->
<testsuite hostname="LENOVO" failures="0" tests="4" name="test.EditAccountTest" time="25.224" errors="0" timestamp="29 Sep 2020 06:51:17 GMT" skipped="0">
  <testcase classname="test.EditAccountTest" name="login" time="8.149"/>
  <testcase classname="test.EditAccountTest" name="Add" time="8.593"/>
  <testcase classname="test.EditAccountTest" name="account" time="4.063"/>
  <testcase classname="test.EditAccountTest" name="editAccount" time="4.419"/>
</testsuite> <!-- test.EditAccountTest -->
