<?xml version="1.0" encoding="UTF-8"?>
<!-- Generated by org.testng.reporters.JUnitReportReporter -->
<testsuite hostname="LENOVO" failures="0" tests="4" name="test.DeleteAccountTest" time="50.161" errors="0" timestamp="29 Sep 2020 10:44:37 GMT" skipped="0">
  <testcase classname="test.DeleteAccountTest" name="login" time="25.223"/>
  <testcase classname="test.DeleteAccountTest" name="Add" time="16.156"/>
  <testcase classname="test.DeleteAccountTest" name="account" time="5.672"/>
  <testcase classname="test.DeleteAccountTest" name="deleteaccount" time="3.110"/>
</testsuite> <!-- test.DeleteAccountTest -->
