<?xml version="1.0" encoding="UTF-8"?>
<!-- Generated by org.testng.reporters.JUnitReportReporter -->
<testsuite hostname="LENOVO" failures="0" tests="4" name="test.DepositTest" time="27.402" errors="0" timestamp="29 Sep 2020 11:04:31 GMT" skipped="0">
  <testcase classname="test.DepositTest" name="login" time="7.618"/>
  <testcase classname="test.DepositTest" name="Add" time="9.970"/>
  <testcase classname="test.DepositTest" name="account" time="4.725"/>
  <testcase classname="test.DepositTest" name="deposit" time="5.089"/>
</testsuite> <!-- test.DepositTest -->
