<?xml version="1.0" encoding="UTF-8"?>
<!-- Generated by org.testng.reporters.JUnitReportReporter -->
<testsuite hostname="LENOVO" failures="0" tests="1" name="test.LoginTest" time="30.026" errors="0" timestamp="23 Sep 2020 07:00:57 GMT" skipped="0">
  <testcase classname="test.LoginTest" name="login" time="30.026"/>
</testsuite> <!-- test.LoginTest -->
