<?xml version="1.0" encoding="UTF-8"?>
<!-- Generated by org.testng.reporters.JUnitReportReporter -->
<testsuite hostname="LENOVO" failures="0" tests="4" name="test.BalanceEnquiryTest" time="26.292" errors="0" timestamp="29 Sep 2020 16:32:11 GMT" skipped="0">
  <testcase classname="test.BalanceEnquiryTest" name="login" time="7.007"/>
  <testcase classname="test.BalanceEnquiryTest" name="Add" time="10.236"/>
  <testcase classname="test.BalanceEnquiryTest" name="account" time="5.098"/>
  <testcase classname="test.BalanceEnquiryTest" name="balanceenquiry" time="3.951"/>
</testsuite> <!-- test.BalanceEnquiryTest -->
