<?xml version="1.0" encoding="UTF-8"?>
<!-- Generated by org.testng.reporters.JUnitReportReporter -->
<testsuite hostname="LENOVO" failures="0" tests="4" name="test.FundTransferTest" time="29.509" errors="0" timestamp="29 Sep 2020 16:17:42 GMT" skipped="0">
  <testcase classname="test.FundTransferTest" name="login" time="6.092"/>
  <testcase classname="test.FundTransferTest" name="Add" time="12.897"/>
  <testcase classname="test.FundTransferTest" name="account" time="4.775"/>
  <testcase classname="test.FundTransferTest" name="fundtransfer" time="5.745"/>
</testsuite> <!-- test.FundTransferTest -->
