<?xml version="1.0" encoding="UTF-8"?>
<!-- Generated by org.testng.reporters.JUnitReportReporter -->
<testsuite hostname="LENOVO" failures="0" tests="3" name="test.DeleteTest" time="22.542" errors="0" timestamp="28 Sep 2020 12:39:45 GMT" skipped="0">
  <testcase classname="test.DeleteTest" name="login" time="8.246"/>
  <testcase classname="test.DeleteTest" name="Add" time="11.735"/>
  <testcase classname="test.DeleteTest" name="Delete" time="2.561"/>
</testsuite> <!-- test.DeleteTest -->
