<?xml version="1.0" encoding="UTF-8"?>
<!-- Generated by org.testng.reporters.JUnitReportReporter -->
<testsuite hostname="LENOVO" failures="0" tests="3" name="test.AccountTest" time="24.769" errors="0" timestamp="29 Sep 2020 06:21:59 GMT" skipped="0">
  <testcase classname="test.AccountTest" name="login" time="6.036"/>
  <testcase classname="test.AccountTest" name="Add" time="12.798"/>
  <testcase classname="test.AccountTest" name="account" time="5.935"/>
</testsuite> <!-- test.AccountTest -->
