<?xml version="1.0" encoding="UTF-8"?>
<!-- Generated by org.testng.reporters.JUnitReportReporter -->
<testsuite hostname="LENOVO" failures="0" tests="3" name="test.EditTest" time="17.274" errors="0" timestamp="24 Sep 2020 12:17:20 GMT" skipped="0">
  <testcase classname="test.EditTest" name="login" time="5.801"/>
  <testcase classname="test.EditTest" name="Add" time="8.128"/>
  <testcase classname="test.EditTest" name="Edit" time="3.345"/>
</testsuite> <!-- test.EditTest -->
