<?xml version="1.0" encoding="UTF-8"?>
<!-- Generated by org.testng.reporters.JUnitReportReporter -->
<testsuite hostname="LENOVO" failures="0" tests="4" name="test.WithdrawlTest" time="24.750" errors="0" timestamp="29 Sep 2020 13:18:29 GMT" skipped="0">
  <testcase classname="test.WithdrawlTest" name="login" time="6.192"/>
  <testcase classname="test.WithdrawlTest" name="Add" time="8.932"/>
  <testcase classname="test.WithdrawlTest" name="account" time="4.592"/>
  <testcase classname="test.WithdrawlTest" name="withdrawl" time="5.034"/>
</testsuite> <!-- test.WithdrawlTest -->
