<?xml version="1.0" encoding="UTF-8"?>
<!-- Generated by org.testng.reporters.JUnitReportReporter -->
<testsuite hostname="LENOVO" failures="0" tests="5" name="test.CustomizedStatementTest" time="27.999" errors="0" timestamp="29 Sep 2020 17:06:12 GMT" skipped="0">
  <testcase classname="test.CustomizedStatementTest" name="login" time="6.104"/>
  <testcase classname="test.CustomizedStatementTest" name="Add" time="8.533"/>
  <testcase classname="test.CustomizedStatementTest" name="account" time="4.143"/>
  <testcase classname="test.CustomizedStatementTest" name="deposit" time="4.954"/>
  <testcase classname="test.CustomizedStatementTest" name="customizedstatement" time="4.265"/>
</testsuite> <!-- test.CustomizedStatementTest -->
