<?xml version="1.0" encoding="UTF-8"?>
<!-- Generated by org.testng.reporters.JUnitReportReporter -->
<testsuite hostname="LENOVO" failures="0" tests="4" name="test.MiniStatementTest" time="20.397" errors="0" timestamp="29 Sep 2020 16:43:05 GMT" skipped="0">
  <testcase classname="test.MiniStatementTest" name="login" time="4.954"/>
  <testcase classname="test.MiniStatementTest" name="Add" time="7.090"/>
  <testcase classname="test.MiniStatementTest" name="account" time="4.472"/>
  <testcase classname="test.MiniStatementTest" name="ministatement" time="3.881"/>
</testsuite> <!-- test.MiniStatementTest -->
