<?xml version="1.0" encoding="UTF-8"?>
<!-- Generated by org.testng.reporters.JUnitReportReporter -->
<testsuite hostname="LENOVO" failures="0" tests="3" name="package1.Test5Before" time="0.050" errors="0" timestamp="07 Sep 2020 06:16:36 GMT" skipped="0">
  <testcase classname="package1.Test5Before" name="f5" time="0.004"/>
  <testcase classname="package1.Test5Before" name="f" time="0.042"/>
  <testcase classname="package1.Test5Before" name="f1" time="0.004"/>
</testsuite> <!-- package1.Test5Before -->
