<?xml version="1.0" encoding="UTF-8"?>
<!-- Generated by org.testng.reporters.JUnitReportReporter -->
<testsuite hostname="LENOVO" failures="0" tests="2" name="package1.DataPractise" time="0.066" errors="0" timestamp="27 Nov 2020 05:27:21 GMT" skipped="0">
  <testcase classname="package1.DataPractise" name="login" time="0.007"/>
  <testcase classname="package1.DataPractise" name="login" time="0.059"/>
</testsuite> <!-- package1.DataPractise -->
