<?xml version="1.0" encoding="UTF-8"?>
<!-- Generated by org.testng.reporters.JUnitReportReporter -->
<testsuite hostname="LENOVO" failures="0" tests="1" name="package1.PassingParameters" time="0.017" errors="0" timestamp="08 Sep 2020 06:11:08 GMT" skipped="0">
  <testcase classname="package1.PassingParameters" name="sum" time="0.017"/>
</testsuite> <!-- package1.PassingParameters -->
