<?xml version="1.0" encoding="UTF-8"?>
<!-- Generated by org.testng.reporters.JUnitReportReporter -->
<testsuite hostname="LENOVO" failures="0" tests="2" name="package1.Timeout" time="0.286" errors="0" timestamp="07 Sep 2020 06:33:03 GMT" skipped="0">
  <testcase classname="package1.Timeout" name="testcase1" time="0.282"/>
  <testcase classname="package1.Timeout" name="testcase2" time="0.004"/>
</testsuite> <!-- package1.Timeout -->
