<?xml version="1.0" encoding="UTF-8"?>
<!-- Generated by org.testng.reporters.JUnitReportReporter -->
<testsuite hostname="LENOVO" failures="0" tests="3" name="package1.TestGroup" time="0.031" errors="0" timestamp="07 Sep 2020 16:05:00 GMT" skipped="0">
  <testcase classname="package1.TestGroup" name="A" time="0.025"/>
  <testcase classname="package1.TestGroup" name="B" time="0.004"/>
  <testcase classname="package1.TestGroup" name="f" time="0.002"/>
</testsuite> <!-- package1.TestGroup -->
