<?xml version="1.0" encoding="UTF-8"?>
<!-- Generated by org.testng.reporters.JUnitReportReporter -->
<testsuite hostname="LENOVO" failures="0" tests="2" name="package1.NewTest" time="0.041" errors="0" timestamp="04 Sep 2020 05:59:07 GMT" skipped="0">
  <testcase classname="package1.NewTest" name="f" time="0.025"/>
  <testcase classname="package1.NewTest" name="a" time="0.016"/>
</testsuite> <!-- package1.NewTest -->
