<?xml version="1.0" encoding="UTF-8"?>
<!-- Generated by org.testng.reporters.JUnitReportReporter -->
<testsuite hostname="LENOVO" failures="0" tests="3" name="package1.DataProviders" time="0.017" errors="0" timestamp="27 Nov 2020 05:27:34 GMT" skipped="0">
  <testcase classname="package1.DataProviders" name="f" time="0.002"/>
  <testcase classname="package1.DataProviders" name="f" time="0.003"/>
  <testcase classname="package1.DataProviders" name="f" time="0.012"/>
</testsuite> <!-- package1.DataProviders -->
