<?xml version="1.0" encoding="UTF-8"?>
<!-- Generated by org.testng.reporters.JUnitReportReporter -->
<testsuite hostname="LENOVO" failures="0" tests="5" name="project_3.Guru99" time="44.518" errors="0" timestamp="21 Sep 2020 07:30:01 GMT" skipped="0">
  <testcase classname="project_3.Guru99" name="account" time="11.302"/>
  <testcase classname="project_3.Guru99" name="login" time="7.807"/>
  <testcase classname="project_3.Guru99" name="customizedstatement" time="5.732"/>
  <testcase classname="project_3.Guru99" name="addCustomer" time="13.954"/>
  <testcase classname="project_3.Guru99" name="deposit" time="5.723"/>
</testsuite> <!-- project_3.Guru99 -->
